<?xml version="1.0" encoding="UTF-8"?>
<robot generator="Robot 4.1 (Python 3.7.3 on linux)" generated="20210824 06:58:17.606" rpa="false" schemaversion="2">
<suite id="s1" name="NewTestProject" source="/home/debian/Tests/NewTestProject.robot">
<test id="s1-t1" name="NewTest01">
<kw name="Log" library="BuiltIn">
<arg>Hello GUYS!!!</arg>
<doc>Logs the given message with the given level.</doc>
<msg timestamp="20210824 06:58:17.632" level="INFO">Hello GUYS!!!</msg>
<status status="PASS" starttime="20210824 06:58:17.632" endtime="20210824 06:58:17.632"/>
</kw>
<status status="PASS" starttime="20210824 06:58:17.631" endtime="20210824 06:58:17.632"/>
</test>
<test id="s1-t2" name="NewTest02">
<kw name="Open Connection">
<arg>172.26.160.158</arg>
<msg timestamp="20210824 06:58:17.634" level="FAIL">No keyword with name 'Open Connection' found.</msg>
<status status="FAIL" starttime="20210824 06:58:17.634" endtime="20210824 06:58:17.634"/>
</kw>
<kw name="Login">
<arg>debian</arg>
<arg>debian</arg>
<status status="NOT RUN" starttime="20210824 06:58:17.636" endtime="20210824 06:58:17.636"/>
</kw>
<kw name="Sleep" library="BuiltIn">
<arg>2</arg>
<doc>Pauses the test executed for the given time.</doc>
<status status="NOT RUN" starttime="20210824 06:58:17.636" endtime="20210824 06:58:17.636"/>
</kw>
<kw name="List Directory">
<arg>/home/debian</arg>
<status status="NOT RUN" starttime="20210824 06:58:17.637" endtime="20210824 06:58:17.637"/>
</kw>
<kw name="Sleep" library="BuiltIn">
<arg>2</arg>
<doc>Pauses the test executed for the given time.</doc>
<status status="NOT RUN" starttime="20210824 06:58:17.638" endtime="20210824 06:58:17.638"/>
</kw>
<kw name="Close Connection">
<status status="NOT RUN" starttime="20210824 06:58:17.639" endtime="20210824 06:58:17.639"/>
</kw>
<status status="FAIL" starttime="20210824 06:58:17.633" endtime="20210824 06:58:17.639">No keyword with name 'Open Connection' found.</status>
</test>
<test id="s1-t3" name="NewTest03">
<kw name="Open Connection">
<arg>182.26.160.158</arg>
<msg timestamp="20210824 06:58:17.642" level="FAIL">No keyword with name 'Open Connection' found.</msg>
<status status="FAIL" starttime="20210824 06:58:17.642" endtime="20210824 06:58:17.642"/>
</kw>
<kw name="Login">
<arg>debian</arg>
<arg>debian</arg>
<status status="NOT RUN" starttime="20210824 06:58:17.643" endtime="20210824 06:58:17.643"/>
</kw>
<kw name="Sleep" library="BuiltIn">
<arg>3</arg>
<doc>Pauses the test executed for the given time.</doc>
<status status="NOT RUN" starttime="20210824 06:58:17.643" endtime="20210824 06:58:17.643"/>
</kw>
<kw name="$(output)=">
<arg>SSHLibrary.Execute Command</arg>
<arg>java --version</arg>
<status status="NOT RUN" starttime="20210824 06:58:17.645" endtime="20210824 06:58:17.645"/>
</kw>
<status status="FAIL" starttime="20210824 06:58:17.640" endtime="20210824 06:58:17.645">No keyword with name 'Open Connection' found.</status>
</test>
<status status="FAIL" starttime="20210824 06:58:17.607" endtime="20210824 06:58:17.646"/>
</suite>
<statistics>
<total>
<stat pass="1" fail="2" skip="0">All Tests</stat>
</total>
<tag>
</tag>
<suite>
<stat pass="1" fail="2" skip="0" id="s1" name="NewTestProject">NewTestProject</stat>
</suite>
</statistics>
<errors>
</errors>
</robot>
